{"C:\\kata sweet shop\\backend\\src\\app.js": {"path":"C:\\kata sweet shop\\backend\\src\\app.js","statementMap":{"0":{"start":{"line":1,"column":16},"end":{"line":1,"column":34}},"1":{"start":{"line":2,"column":13},"end":{"line":2,"column":28}},"2":{"start":{"line":3,"column":13},"end":{"line":3,"column":28}},"3":{"start":{"line":4,"column":0},"end":{"line":4,"column":27}},"4":{"start":{"line":6,"column":12},"end":{"line":6,"column":21}},"5":{"start":{"line":9,"column":0},"end":{"line":12,"column":4}},"6":{"start":{"line":15,"column":0},"end":{"line":15,"column":41}},"7":{"start":{"line":16,"column":0},"end":{"line":16,"column":48}},"8":{"start":{"line":19,"column":0},"end":{"line":19,"column":47}},"9":{"start":{"line":21,"column":0},"end":{"line":21,"column":49}},"10":{"start":{"line":23,"column":0},"end":{"line":23,"column":51}},"11":{"start":{"line":28,"column":0},"end":{"line":28,"column":76}},"12":{"start":{"line":31,"column":0},"end":{"line":43,"column":3}},"13":{"start":{"line":32,"column":2},"end":{"line":42,"column":5}},"14":{"start":{"line":46,"column":0},"end":{"line":48,"column":3}},"15":{"start":{"line":47,"column":2},"end":{"line":47,"column":78}},"16":{"start":{"line":52,"column":0},"end":{"line":58,"column":3}},"17":{"start":{"line":53,"column":2},"end":{"line":53,"column":27}},"18":{"start":{"line":54,"column":2},"end":{"line":57,"column":5}},"19":{"start":{"line":61,"column":0},"end":{"line":63,"column":3}},"20":{"start":{"line":62,"column":2},"end":{"line":62,"column":53}},"21":{"start":{"line":67,"column":0},"end":{"line":67,"column":21}}},"fnMap":{"0":{"name":"(anonymous_0)","decl":{"start":{"line":31,"column":13},"end":{"line":31,"column":14}},"loc":{"start":{"line":31,"column":27},"end":{"line":43,"column":1}},"line":31},"1":{"name":"(anonymous_1)","decl":{"start":{"line":46,"column":19},"end":{"line":46,"column":20}},"loc":{"start":{"line":46,"column":33},"end":{"line":48,"column":1}},"line":46},"2":{"name":"(anonymous_2)","decl":{"start":{"line":52,"column":8},"end":{"line":52,"column":9}},"loc":{"start":{"line":52,"column":33},"end":{"line":58,"column":1}},"line":52},"3":{"name":"(anonymous_3)","decl":{"start":{"line":61,"column":13},"end":{"line":61,"column":14}},"loc":{"start":{"line":61,"column":27},"end":{"line":63,"column":1}},"line":61}},"branchMap":{"0":{"loc":{"start":{"line":10,"column":10},"end":{"line":10,"column":61}},"type":"binary-expr","locations":[{"start":{"line":10,"column":10},"end":{"line":10,"column":34}},{"start":{"line":10,"column":38},"end":{"line":10,"column":61}}],"line":10},"1":{"loc":{"start":{"line":56,"column":13},"end":{"line":56,"column":91}},"type":"cond-expr","locations":[{"start":{"line":56,"column":54},"end":{"line":56,"column":65}},{"start":{"line":56,"column":68},"end":{"line":56,"column":91}}],"line":56}},"s":{"0":4,"1":4,"2":4,"3":4,"4":4,"5":4,"6":4,"7":4,"8":4,"9":4,"10":4,"11":4,"12":4,"13":0,"14":4,"15":0,"16":4,"17":0,"18":0,"19":4,"20":0,"21":4},"f":{"0":0,"1":0,"2":0,"3":0},"b":{"0":[4,0],"1":[0,0]},"_coverageSchema":"1a1c01bbd47fc00a2c39e90264f33305004495a9","hash":"bf5ac41948ded10395236fa3ac808b7b3696633d"}
,"C:\\kata sweet shop\\backend\\src\\middlewares\\auth.js": {"path":"C:\\kata sweet shop\\backend\\src\\middlewares\\auth.js","statementMap":{"0":{"start":{"line":1,"column":12},"end":{"line":1,"column":35}},"1":{"start":{"line":2,"column":13},"end":{"line":2,"column":38}},"2":{"start":{"line":6,"column":26},"end":{"line":43,"column":1}},"3":{"start":{"line":7,"column":2},"end":{"line":42,"column":3}},"4":{"start":{"line":8,"column":23},"end":{"line":8,"column":48}},"5":{"start":{"line":9,"column":18},"end":{"line":9,"column":56}},"6":{"start":{"line":13,"column":4},"end":{"line":15,"column":5}},"7":{"start":{"line":14,"column":6},"end":{"line":14,"column":70}},"8":{"start":{"line":17,"column":20},"end":{"line":17,"column":61}},"9":{"start":{"line":18,"column":17},"end":{"line":18,"column":52}},"10":{"start":{"line":19,"column":4},"end":{"line":21,"column":5}},"11":{"start":{"line":20,"column":6},"end":{"line":20,"column":79}},"12":{"start":{"line":23,"column":4},"end":{"line":29,"column":6}},"13":{"start":{"line":31,"column":4},"end":{"line":31,"column":11}},"14":{"start":{"line":33,"column":4},"end":{"line":35,"column":5}},"15":{"start":{"line":34,"column":6},"end":{"line":34,"column":62}},"16":{"start":{"line":36,"column":4},"end":{"line":38,"column":5}},"17":{"start":{"line":37,"column":6},"end":{"line":37,"column":62}},"18":{"start":{"line":40,"column":4},"end":{"line":40,"column":51}},"19":{"start":{"line":41,"column":4},"end":{"line":41,"column":67}},"20":{"start":{"line":46,"column":21},"end":{"line":56,"column":1}},"21":{"start":{"line":47,"column":2},"end":{"line":49,"column":3}},"22":{"start":{"line":48,"column":4},"end":{"line":48,"column":70}},"23":{"start":{"line":51,"column":2},"end":{"line":53,"column":3}},"24":{"start":{"line":52,"column":4},"end":{"line":52,"column":68}},"25":{"start":{"line":55,"column":2},"end":{"line":55,"column":9}},"26":{"start":{"line":59,"column":20},"end":{"line":64,"column":1}},"27":{"start":{"line":60,"column":2},"end":{"line":62,"column":3}},"28":{"start":{"line":61,"column":4},"end":{"line":61,"column":70}},"29":{"start":{"line":63,"column":2},"end":{"line":63,"column":9}},"30":{"start":{"line":66,"column":0},"end":{"line":70,"column":2}}},"fnMap":{"0":{"name":"(anonymous_0)","decl":{"start":{"line":6,"column":26},"end":{"line":6,"column":27}},"loc":{"start":{"line":6,"column":52},"end":{"line":43,"column":1}},"line":6},"1":{"name":"(anonymous_1)","decl":{"start":{"line":46,"column":21},"end":{"line":46,"column":22}},"loc":{"start":{"line":46,"column":41},"end":{"line":56,"column":1}},"line":46},"2":{"name":"(anonymous_2)","decl":{"start":{"line":59,"column":20},"end":{"line":59,"column":21}},"loc":{"start":{"line":59,"column":40},"end":{"line":64,"column":1}},"line":59}},"branchMap":{"0":{"loc":{"start":{"line":9,"column":18},"end":{"line":9,"column":56}},"type":"binary-expr","locations":[{"start":{"line":9,"column":18},"end":{"line":9,"column":28}},{"start":{"line":9,"column":32},"end":{"line":9,"column":56}}],"line":9},"1":{"loc":{"start":{"line":13,"column":4},"end":{"line":15,"column":5}},"type":"if","locations":[{"start":{"line":13,"column":4},"end":{"line":15,"column":5}},{"start":{},"end":{}}],"line":13},"2":{"loc":{"start":{"line":19,"column":4},"end":{"line":21,"column":5}},"type":"if","locations":[{"start":{"line":19,"column":4},"end":{"line":21,"column":5}},{"start":{},"end":{}}],"line":19},"3":{"loc":{"start":{"line":33,"column":4},"end":{"line":35,"column":5}},"type":"if","locations":[{"start":{"line":33,"column":4},"end":{"line":35,"column":5}},{"start":{},"end":{}}],"line":33},"4":{"loc":{"start":{"line":36,"column":4},"end":{"line":38,"column":5}},"type":"if","locations":[{"start":{"line":36,"column":4},"end":{"line":38,"column":5}},{"start":{},"end":{}}],"line":36},"5":{"loc":{"start":{"line":47,"column":2},"end":{"line":49,"column":3}},"type":"if","locations":[{"start":{"line":47,"column":2},"end":{"line":49,"column":3}},{"start":{},"end":{}}],"line":47},"6":{"loc":{"start":{"line":51,"column":2},"end":{"line":53,"column":3}},"type":"if","locations":[{"start":{"line":51,"column":2},"end":{"line":53,"column":3}},{"start":{},"end":{}}],"line":51},"7":{"loc":{"start":{"line":60,"column":2},"end":{"line":62,"column":3}},"type":"if","locations":[{"start":{"line":60,"column":2},"end":{"line":62,"column":3}},{"start":{},"end":{}}],"line":60}},"s":{"0":4,"1":4,"2":4,"3":13,"4":13,"5":13,"6":13,"7":3,"8":10,"9":10,"10":10,"11":0,"12":10,"13":10,"14":0,"15":0,"16":0,"17":0,"18":0,"19":0,"20":4,"21":6,"22":0,"23":6,"24":3,"25":3,"26":4,"27":4,"28":0,"29":4,"30":4},"f":{"0":13,"1":6,"2":4},"b":{"0":[13,10],"1":[3,10],"2":[0,10],"3":[0,0],"4":[0,0],"5":[0,6],"6":[3,3],"7":[0,4]},"_coverageSchema":"1a1c01bbd47fc00a2c39e90264f33305004495a9","hash":"31e480a3cbfeddb9cd1787212519eb78d64f1bb1"}
,"C:\\kata sweet shop\\backend\\src\\middlewares\\authorize.js": {"path":"C:\\kata sweet shop\\backend\\src\\middlewares\\authorize.js","statementMap":{"0":{"start":{"line":1,"column":0},"end":{"line":8,"column":2}},"1":{"start":{"line":2,"column":2},"end":{"line":7,"column":4}},"2":{"start":{"line":3,"column":4},"end":{"line":5,"column":5}},"3":{"start":{"line":4,"column":6},"end":{"line":4,"column":70}},"4":{"start":{"line":6,"column":4},"end":{"line":6,"column":11}}},"fnMap":{"0":{"name":"(anonymous_0)","decl":{"start":{"line":1,"column":17},"end":{"line":1,"column":18}},"loc":{"start":{"line":1,"column":35},"end":{"line":8,"column":1}},"line":1},"1":{"name":"(anonymous_1)","decl":{"start":{"line":2,"column":9},"end":{"line":2,"column":10}},"loc":{"start":{"line":2,"column":29},"end":{"line":7,"column":3}},"line":2}},"branchMap":{"0":{"loc":{"start":{"line":3,"column":4},"end":{"line":5,"column":5}},"type":"if","locations":[{"start":{"line":3,"column":4},"end":{"line":5,"column":5}},{"start":{},"end":{}}],"line":3},"1":{"loc":{"start":{"line":3,"column":8},"end":{"line":3,"column":51}},"type":"binary-expr","locations":[{"start":{"line":3,"column":8},"end":{"line":3,"column":17}},{"start":{"line":3,"column":21},"end":{"line":3,"column":51}}],"line":3}},"s":{"0":0,"1":0,"2":0,"3":0,"4":0},"f":{"0":0,"1":0},"b":{"0":[0,0],"1":[0,0]}}
,"C:\\kata sweet shop\\backend\\src\\middlewares\\sweetValidation.js": {"path":"C:\\kata sweet shop\\backend\\src\\middlewares\\sweetValidation.js","statementMap":{"0":{"start":{"line":1,"column":42},"end":{"line":1,"column":70}},"1":{"start":{"line":4,"column":31},"end":{"line":13,"column":1}},"2":{"start":{"line":5,"column":17},"end":{"line":5,"column":38}},"3":{"start":{"line":6,"column":2},"end":{"line":11,"column":3}},"4":{"start":{"line":7,"column":4},"end":{"line":10,"column":7}},"5":{"start":{"line":12,"column":2},"end":{"line":12,"column":9}},"6":{"start":{"line":16,"column":30},"end":{"line":41,"column":1}},"7":{"start":{"line":44,"column":28},"end":{"line":54,"column":1}},"8":{"start":{"line":57,"column":27},"end":{"line":68,"column":1}},"9":{"start":{"line":70,"column":0},"end":{"line":74,"column":2}}},"fnMap":{"0":{"name":"(anonymous_0)","decl":{"start":{"line":4,"column":31},"end":{"line":4,"column":32}},"loc":{"start":{"line":4,"column":51},"end":{"line":13,"column":1}},"line":4}},"branchMap":{"0":{"loc":{"start":{"line":6,"column":2},"end":{"line":11,"column":3}},"type":"if","locations":[{"start":{"line":6,"column":2},"end":{"line":11,"column":3}},{"start":{},"end":{}}],"line":6}},"s":{"0":4,"1":4,"2":6,"3":6,"4":0,"5":6,"6":4,"7":4,"8":4,"9":4},"f":{"0":6},"b":{"0":[0,6]},"_coverageSchema":"1a1c01bbd47fc00a2c39e90264f33305004495a9","hash":"f8ed025ef39e4f23380b0af916a2634c1391fdaa"}
,"C:\\kata sweet shop\\backend\\src\\middlewares\\upload.js": {"path":"C:\\kata sweet shop\\backend\\src\\middlewares\\upload.js","statementMap":{"0":{"start":{"line":1,"column":15},"end":{"line":1,"column":32}},"1":{"start":{"line":2,"column":13},"end":{"line":2,"column":28}},"2":{"start":{"line":3,"column":11},"end":{"line":3,"column":24}},"3":{"start":{"line":5,"column":18},"end":{"line":5,"column":55}},"4":{"start":{"line":7,"column":0},"end":{"line":9,"column":1}},"5":{"start":{"line":8,"column":2},"end":{"line":8,"column":47}},"6":{"start":{"line":11,"column":16},"end":{"line":18,"column":2}},"7":{"start":{"line":15,"column":6},"end":{"line":15,"column":56}},"8":{"start":{"line":16,"column":4},"end":{"line":16,"column":55}},"9":{"start":{"line":20,"column":19},"end":{"line":26,"column":1}},"10":{"start":{"line":21,"column":2},"end":{"line":25,"column":3}},"11":{"start":{"line":22,"column":4},"end":{"line":22,"column":19}},"12":{"start":{"line":24,"column":4},"end":{"line":24,"column":50}},"13":{"start":{"line":28,"column":15},"end":{"line":31,"column":2}},"14":{"start":{"line":33,"column":21},"end":{"line":33,"column":43}},"15":{"start":{"line":35,"column":26},"end":{"line":40,"column":1}},"16":{"start":{"line":36,"column":2},"end":{"line":38,"column":3}},"17":{"start":{"line":37,"column":4},"end":{"line":37,"column":56}},"18":{"start":{"line":39,"column":2},"end":{"line":39,"column":9}},"19":{"start":{"line":42,"column":0},"end":{"line":45,"column":2}}},"fnMap":{"0":{"name":"(anonymous_0)","decl":{"start":{"line":13,"column":12},"end":{"line":13,"column":13}},"loc":{"start":{"line":13,"column":31},"end":{"line":17,"column":3}},"line":13},"1":{"name":"(anonymous_1)","decl":{"start":{"line":20,"column":19},"end":{"line":20,"column":20}},"loc":{"start":{"line":20,"column":38},"end":{"line":26,"column":1}},"line":20},"2":{"name":"(anonymous_2)","decl":{"start":{"line":35,"column":26},"end":{"line":35,"column":27}},"loc":{"start":{"line":35,"column":51},"end":{"line":40,"column":1}},"line":35}},"branchMap":{"0":{"loc":{"start":{"line":7,"column":0},"end":{"line":9,"column":1}},"type":"if","locations":[{"start":{"line":7,"column":0},"end":{"line":9,"column":1}},{"start":{},"end":{}}],"line":7},"1":{"loc":{"start":{"line":21,"column":2},"end":{"line":25,"column":3}},"type":"if","locations":[{"start":{"line":21,"column":2},"end":{"line":25,"column":3}},{"start":{"line":23,"column":9},"end":{"line":25,"column":3}}],"line":21},"2":{"loc":{"start":{"line":36,"column":2},"end":{"line":38,"column":3}},"type":"if","locations":[{"start":{"line":36,"column":2},"end":{"line":38,"column":3}},{"start":{},"end":{}}],"line":36}},"s":{"0":4,"1":4,"2":4,"3":4,"4":4,"5":0,"6":4,"7":1,"8":1,"9":4,"10":1,"11":1,"12":0,"13":4,"14":4,"15":4,"16":0,"17":0,"18":0,"19":4},"f":{"0":1,"1":1,"2":0},"b":{"0":[0,4],"1":[1,0],"2":[0,0]},"_coverageSchema":"1a1c01bbd47fc00a2c39e90264f33305004495a9","hash":"2ffa3c6d4e30ac44dd43c65e80cd9e59c0a4f307"}
,"C:\\kata sweet shop\\backend\\src\\middlewares\\validation.js": {"path":"C:\\kata sweet shop\\backend\\src\\middlewares\\validation.js","statementMap":{"0":{"start":{"line":1,"column":35},"end":{"line":1,"column":63}},"1":{"start":{"line":4,"column":31},"end":{"line":13,"column":1}},"2":{"start":{"line":5,"column":17},"end":{"line":5,"column":38}},"3":{"start":{"line":6,"column":2},"end":{"line":11,"column":3}},"4":{"start":{"line":7,"column":4},"end":{"line":10,"column":7}},"5":{"start":{"line":12,"column":2},"end":{"line":12,"column":9}},"6":{"start":{"line":16,"column":29},"end":{"line":40,"column":1}},"7":{"start":{"line":43,"column":22},"end":{"line":55,"column":1}},"8":{"start":{"line":57,"column":0},"end":{"line":61,"column":2}}},"fnMap":{"0":{"name":"(anonymous_0)","decl":{"start":{"line":4,"column":31},"end":{"line":4,"column":32}},"loc":{"start":{"line":4,"column":51},"end":{"line":13,"column":1}},"line":4}},"branchMap":{"0":{"loc":{"start":{"line":6,"column":2},"end":{"line":11,"column":3}},"type":"if","locations":[{"start":{"line":6,"column":2},"end":{"line":11,"column":3}},{"start":{},"end":{}}],"line":6}},"s":{"0":4,"1":4,"2":0,"3":0,"4":0,"5":0,"6":4,"7":4,"8":4},"f":{"0":0},"b":{"0":[0,0]},"_coverageSchema":"1a1c01bbd47fc00a2c39e90264f33305004495a9","hash":"d659e86f7fe43ce2f5e6fb219dba07be2fe608a6"}
,"C:\\kata sweet shop\\backend\\src\\models\\Order.js": {"path":"C:\\kata sweet shop\\backend\\src\\models\\Order.js","statementMap":{"0":{"start":{"line":1,"column":17},"end":{"line":1,"column":36}},"1":{"start":{"line":4,"column":24},"end":{"line":24,"column":2}},"2":{"start":{"line":27,"column":20},"end":{"line":56,"column":2}},"3":{"start":{"line":59,"column":0},"end":{"line":59,"column":46}},"4":{"start":{"line":63,"column":0},"end":{"line":66,"column":2}},"5":{"start":{"line":64,"column":16},"end":{"line":64,"column":43}},"6":{"start":{"line":65,"column":2},"end":{"line":65,"column":53}},"7":{"start":{"line":69,"column":0},"end":{"line":86,"column":2}},"8":{"start":{"line":70,"column":17},"end":{"line":83,"column":4}},"9":{"start":{"line":85,"column":2},"end":{"line":85,"column":54}},"10":{"start":{"line":88,"column":14},"end":{"line":88,"column":50}},"11":{"start":{"line":90,"column":0},"end":{"line":90,"column":23}}},"fnMap":{"0":{"name":"(anonymous_0)","decl":{"start":{"line":63,"column":42},"end":{"line":63,"column":43}},"loc":{"start":{"line":63,"column":59},"end":{"line":66,"column":1}},"line":63},"1":{"name":"(anonymous_1)","decl":{"start":{"line":69,"column":46},"end":{"line":69,"column":47}},"loc":{"start":{"line":69,"column":69},"end":{"line":86,"column":1}},"line":69}},"branchMap":{"0":{"loc":{"start":{"line":85,"column":9},"end":{"line":85,"column":53}},"type":"cond-expr","locations":[{"start":{"line":85,"column":29},"end":{"line":85,"column":49}},{"start":{"line":85,"column":52},"end":{"line":85,"column":53}}],"line":85}},"s":{"0":4,"1":4,"2":4,"3":4,"4":4,"5":1,"6":1,"7":4,"8":0,"9":0,"10":4,"11":4},"f":{"0":1,"1":0},"b":{"0":[0,0]},"_coverageSchema":"1a1c01bbd47fc00a2c39e90264f33305004495a9","hash":"add8428a6cfe319ffee5316c68b4cb79cd6fec4f"}
,"C:\\kata sweet shop\\backend\\src\\models\\Sweet.js": {"path":"C:\\kata sweet shop\\backend\\src\\models\\Sweet.js","statementMap":{"0":{"start":{"line":1,"column":17},"end":{"line":1,"column":36}},"1":{"start":{"line":3,"column":20},"end":{"line":41,"column":1}},"2":{"start":{"line":44,"column":0},"end":{"line":44,"column":35}},"3":{"start":{"line":45,"column":0},"end":{"line":45,"column":57}},"4":{"start":{"line":48,"column":0},"end":{"line":50,"column":3}},"5":{"start":{"line":49,"column":2},"end":{"line":49,"column":46}},"6":{"start":{"line":53,"column":0},"end":{"line":55,"column":2}},"7":{"start":{"line":54,"column":2},"end":{"line":54,"column":26}},"8":{"start":{"line":59,"column":0},"end":{"line":59,"column":54}}},"fnMap":{"0":{"name":"(anonymous_0)","decl":{"start":{"line":48,"column":36},"end":{"line":48,"column":37}},"loc":{"start":{"line":48,"column":48},"end":{"line":50,"column":1}},"line":48},"1":{"name":"(anonymous_1)","decl":{"start":{"line":53,"column":40},"end":{"line":53,"column":41}},"loc":{"start":{"line":53,"column":52},"end":{"line":55,"column":1}},"line":53}},"branchMap":{},"s":{"0":5,"1":5,"2":5,"3":5,"4":5,"5":14,"6":5,"7":1,"8":5},"f":{"0":14,"1":1},"b":{},"_coverageSchema":"1a1c01bbd47fc00a2c39e90264f33305004495a9","hash":"dcfa9f6b1371c328cd6e331a34cc400a0b23bea7"}
,"C:\\kata sweet shop\\backend\\src\\models\\User.js": {"path":"C:\\kata sweet shop\\backend\\src\\models\\User.js","statementMap":{"0":{"start":{"line":1,"column":17},"end":{"line":1,"column":36}},"1":{"start":{"line":2,"column":15},"end":{"line":2,"column":34}},"2":{"start":{"line":5,"column":19},"end":{"line":47,"column":24}},"3":{"start":{"line":50,"column":0},"end":{"line":56,"column":3}},"4":{"start":{"line":51,"column":2},"end":{"line":51,"column":50}},"5":{"start":{"line":51,"column":36},"end":{"line":51,"column":50}},"6":{"start":{"line":53,"column":21},"end":{"line":53,"column":61}},"7":{"start":{"line":54,"column":2},"end":{"line":54,"column":63}},"8":{"start":{"line":55,"column":2},"end":{"line":55,"column":9}},"9":{"start":{"line":59,"column":0},"end":{"line":61,"column":2}},"10":{"start":{"line":60,"column":2},"end":{"line":60,"column":58}},"11":{"start":{"line":64,"column":0},"end":{"line":68,"column":2}},"12":{"start":{"line":65,"column":14},"end":{"line":65,"column":29}},"13":{"start":{"line":66,"column":2},"end":{"line":66,"column":22}},"14":{"start":{"line":67,"column":2},"end":{"line":67,"column":13}},"15":{"start":{"line":71,"column":0},"end":{"line":73,"column":2}},"16":{"start":{"line":72,"column":2},"end":{"line":72,"column":54}},"17":{"start":{"line":75,"column":0},"end":{"line":75,"column":52}}},"fnMap":{"0":{"name":"(anonymous_0)","decl":{"start":{"line":50,"column":23},"end":{"line":50,"column":24}},"loc":{"start":{"line":50,"column":45},"end":{"line":56,"column":1}},"line":50},"1":{"name":"(anonymous_1)","decl":{"start":{"line":59,"column":37},"end":{"line":59,"column":38}},"loc":{"start":{"line":59,"column":65},"end":{"line":61,"column":1}},"line":59},"2":{"name":"(anonymous_2)","decl":{"start":{"line":64,"column":28},"end":{"line":64,"column":29}},"loc":{"start":{"line":64,"column":39},"end":{"line":68,"column":1}},"line":64},"3":{"name":"(anonymous_3)","decl":{"start":{"line":71,"column":33},"end":{"line":71,"column":34}},"loc":{"start":{"line":71,"column":50},"end":{"line":73,"column":1}},"line":71}},"branchMap":{"0":{"loc":{"start":{"line":51,"column":2},"end":{"line":51,"column":50}},"type":"if","locations":[{"start":{"line":51,"column":2},"end":{"line":51,"column":50}},{"start":{},"end":{}}],"line":51},"1":{"loc":{"start":{"line":53,"column":21},"end":{"line":53,"column":61}},"type":"cond-expr","locations":[{"start":{"line":53,"column":55},"end":{"line":53,"column":56}},{"start":{"line":53,"column":59},"end":{"line":53,"column":61}}],"line":53}},"s":{"0":5,"1":5,"2":5,"3":5,"4":51,"5":0,"6":51,"7":51,"8":51,"9":5,"10":42,"11":5,"12":1,"13":1,"14":1,"15":5,"16":0,"17":5},"f":{"0":51,"1":42,"2":1,"3":0},"b":{"0":[0,51],"1":[51,0]},"_coverageSchema":"1a1c01bbd47fc00a2c39e90264f33305004495a9","hash":"e16d806b2b097bfe2408073a82ce136a1d51a2aa"}
,"C:\\kata sweet shop\\backend\\src\\routes\\Sweet.js": {"path":"C:\\kata sweet shop\\backend\\src\\routes\\Sweet.js","statementMap":{"0":{"start":{"line":1,"column":16},"end":{"line":1,"column":34}},"1":{"start":{"line":2,"column":14},"end":{"line":2,"column":40}},"2":{"start":{"line":3,"column":44},"end":{"line":3,"column":74}},"3":{"start":{"line":4,"column":25},"end":{"line":4,"column":57}},"4":{"start":{"line":9,"column":4},"end":{"line":9,"column":45}},"5":{"start":{"line":11,"column":15},"end":{"line":11,"column":31}},"6":{"start":{"line":16,"column":0},"end":{"line":47,"column":3}},"7":{"start":{"line":17,"column":2},"end":{"line":46,"column":3}},"8":{"start":{"line":18,"column":55},"end":{"line":18,"column":64}},"9":{"start":{"line":19,"column":16},"end":{"line":19,"column":18}},"10":{"start":{"line":21,"column":4},"end":{"line":21,"column":44}},"11":{"start":{"line":21,"column":18},"end":{"line":21,"column":44}},"12":{"start":{"line":23,"column":4},"end":{"line":28,"column":5}},"13":{"start":{"line":24,"column":6},"end":{"line":27,"column":8}},"14":{"start":{"line":30,"column":19},"end":{"line":33,"column":30}},"15":{"start":{"line":35,"column":18},"end":{"line":35,"column":51}},"16":{"start":{"line":37,"column":4},"end":{"line":42,"column":7}},"17":{"start":{"line":44,"column":4},"end":{"line":44,"column":46}},"18":{"start":{"line":45,"column":4},"end":{"line":45,"column":62}},"19":{"start":{"line":52,"column":0},"end":{"line":63,"column":3}},"20":{"start":{"line":53,"column":2},"end":{"line":62,"column":3}},"21":{"start":{"line":54,"column":18},"end":{"line":54,"column":53}},"22":{"start":{"line":55,"column":4},"end":{"line":57,"column":5}},"23":{"start":{"line":56,"column":6},"end":{"line":56,"column":64}},"24":{"start":{"line":58,"column":4},"end":{"line":58,"column":36}},"25":{"start":{"line":60,"column":4},"end":{"line":60,"column":45}},"26":{"start":{"line":61,"column":4},"end":{"line":61,"column":61}},"27":{"start":{"line":68,"column":0},"end":{"line":99,"column":2}},"28":{"start":{"line":75,"column":4},"end":{"line":97,"column":5}},"29":{"start":{"line":76,"column":24},"end":{"line":82,"column":7}},"30":{"start":{"line":85,"column":6},"end":{"line":87,"column":7}},"31":{"start":{"line":86,"column":8},"end":{"line":86,"column":52}},"32":{"start":{"line":89,"column":20},"end":{"line":89,"column":49}},"33":{"start":{"line":90,"column":6},"end":{"line":93,"column":9}},"34":{"start":{"line":95,"column":6},"end":{"line":95,"column":50}},"35":{"start":{"line":96,"column":6},"end":{"line":96,"column":64}},"36":{"start":{"line":104,"column":0},"end":{"line":144,"column":2}},"37":{"start":{"line":111,"column":4},"end":{"line":142,"column":5}},"38":{"start":{"line":112,"column":25},"end":{"line":112,"column":27}},"39":{"start":{"line":114,"column":6},"end":{"line":114,"column":57}},"40":{"start":{"line":114,"column":25},"end":{"line":114,"column":57}},"41":{"start":{"line":115,"column":6},"end":{"line":115,"column":78}},"42":{"start":{"line":115,"column":32},"end":{"line":115,"column":78}},"43":{"start":{"line":116,"column":6},"end":{"line":116,"column":72}},"44":{"start":{"line":116,"column":26},"end":{"line":116,"column":72}},"45":{"start":{"line":117,"column":6},"end":{"line":117,"column":69}},"46":{"start":{"line":117,"column":29},"end":{"line":117,"column":69}},"47":{"start":{"line":118,"column":6},"end":{"line":118,"column":79}},"48":{"start":{"line":118,"column":29},"end":{"line":118,"column":79}},"49":{"start":{"line":121,"column":6},"end":{"line":123,"column":7}},"50":{"start":{"line":122,"column":8},"end":{"line":122,"column":53}},"51":{"start":{"line":125,"column":20},"end":{"line":129,"column":7}},"52":{"start":{"line":131,"column":6},"end":{"line":133,"column":7}},"53":{"start":{"line":132,"column":8},"end":{"line":132,"column":66}},"54":{"start":{"line":135,"column":6},"end":{"line":138,"column":9}},"55":{"start":{"line":140,"column":6},"end":{"line":140,"column":50}},"56":{"start":{"line":141,"column":6},"end":{"line":141,"column":64}},"57":{"start":{"line":149,"column":0},"end":{"line":174,"column":3}},"58":{"start":{"line":150,"column":2},"end":{"line":173,"column":3}},"59":{"start":{"line":151,"column":25},"end":{"line":151,"column":33}},"60":{"start":{"line":153,"column":4},"end":{"line":155,"column":5}},"61":{"start":{"line":154,"column":6},"end":{"line":154,"column":72}},"62":{"start":{"line":157,"column":18},"end":{"line":157,"column":53}},"63":{"start":{"line":158,"column":4},"end":{"line":160,"column":5}},"64":{"start":{"line":159,"column":6},"end":{"line":159,"column":64}},"65":{"start":{"line":162,"column":4},"end":{"line":162,"column":41}},"66":{"start":{"line":163,"column":4},"end":{"line":163,"column":23}},"67":{"start":{"line":165,"column":4},"end":{"line":169,"column":7}},"68":{"start":{"line":171,"column":4},"end":{"line":171,"column":43}},"69":{"start":{"line":172,"column":4},"end":{"line":172,"column":63}},"70":{"start":{"line":179,"column":0},"end":{"line":235,"column":3}},"71":{"start":{"line":180,"column":2},"end":{"line":234,"column":3}},"72":{"start":{"line":181,"column":41},"end":{"line":181,"column":49}},"73":{"start":{"line":183,"column":4},"end":{"line":185,"column":5}},"74":{"start":{"line":184,"column":6},"end":{"line":184,"column":72}},"75":{"start":{"line":187,"column":18},"end":{"line":187,"column":53}},"76":{"start":{"line":188,"column":4},"end":{"line":190,"column":5}},"77":{"start":{"line":189,"column":6},"end":{"line":189,"column":64}},"78":{"start":{"line":192,"column":4},"end":{"line":194,"column":5}},"79":{"start":{"line":193,"column":6},"end":{"line":193,"column":75}},"80":{"start":{"line":197,"column":18},"end":{"line":197,"column":44}},"81":{"start":{"line":198,"column":24},"end":{"line":198,"column":46}},"82":{"start":{"line":199,"column":24},"end":{"line":199,"column":57}},"83":{"start":{"line":201,"column":18},"end":{"line":213,"column":6}},"84":{"start":{"line":215,"column":4},"end":{"line":215,"column":23}},"85":{"start":{"line":218,"column":4},"end":{"line":218,"column":31}},"86":{"start":{"line":219,"column":4},"end":{"line":219,"column":23}},"87":{"start":{"line":221,"column":4},"end":{"line":230,"column":7}},"88":{"start":{"line":232,"column":4},"end":{"line":232,"column":44}},"89":{"start":{"line":233,"column":4},"end":{"line":233,"column":66}},"90":{"start":{"line":240,"column":0},"end":{"line":258,"column":2}},"91":{"start":{"line":245,"column":4},"end":{"line":256,"column":5}},"92":{"start":{"line":246,"column":20},"end":{"line":246,"column":64}},"93":{"start":{"line":248,"column":6},"end":{"line":250,"column":7}},"94":{"start":{"line":249,"column":8},"end":{"line":249,"column":66}},"95":{"start":{"line":252,"column":6},"end":{"line":252,"column":70}},"96":{"start":{"line":254,"column":6},"end":{"line":254,"column":50}},"97":{"start":{"line":255,"column":6},"end":{"line":255,"column":64}},"98":{"start":{"line":260,"column":0},"end":{"line":260,"column":24}}},"fnMap":{"0":{"name":"(anonymous_0)","decl":{"start":{"line":16,"column":36},"end":{"line":16,"column":37}},"loc":{"start":{"line":16,"column":56},"end":{"line":47,"column":1}},"line":16},"1":{"name":"(anonymous_1)","decl":{"start":{"line":52,"column":19},"end":{"line":52,"column":20}},"loc":{"start":{"line":52,"column":39},"end":{"line":63,"column":1}},"line":52},"2":{"name":"(anonymous_2)","decl":{"start":{"line":74,"column":2},"end":{"line":74,"column":3}},"loc":{"start":{"line":74,"column":22},"end":{"line":98,"column":3}},"line":74},"3":{"name":"(anonymous_3)","decl":{"start":{"line":110,"column":2},"end":{"line":110,"column":3}},"loc":{"start":{"line":110,"column":22},"end":{"line":143,"column":3}},"line":110},"4":{"name":"(anonymous_4)","decl":{"start":{"line":149,"column":61},"end":{"line":149,"column":62}},"loc":{"start":{"line":149,"column":81},"end":{"line":174,"column":1}},"line":149},"5":{"name":"(anonymous_5)","decl":{"start":{"line":179,"column":48},"end":{"line":179,"column":49}},"loc":{"start":{"line":179,"column":68},"end":{"line":235,"column":1}},"line":179},"6":{"name":"(anonymous_6)","decl":{"start":{"line":244,"column":2},"end":{"line":244,"column":3}},"loc":{"start":{"line":244,"column":22},"end":{"line":257,"column":3}},"line":244}},"branchMap":{"0":{"loc":{"start":{"line":18,"column":30},"end":{"line":18,"column":38}},"type":"default-arg","locations":[{"start":{"line":18,"column":37},"end":{"line":18,"column":38}}],"line":18},"1":{"loc":{"start":{"line":18,"column":40},"end":{"line":18,"column":50}},"type":"default-arg","locations":[{"start":{"line":18,"column":48},"end":{"line":18,"column":50}}],"line":18},"2":{"loc":{"start":{"line":21,"column":4},"end":{"line":21,"column":44}},"type":"if","locations":[{"start":{"line":21,"column":4},"end":{"line":21,"column":44}},{"start":{},"end":{}}],"line":21},"3":{"loc":{"start":{"line":23,"column":4},"end":{"line":28,"column":5}},"type":"if","locations":[{"start":{"line":23,"column":4},"end":{"line":28,"column":5}},{"start":{},"end":{}}],"line":23},"4":{"loc":{"start":{"line":55,"column":4},"end":{"line":57,"column":5}},"type":"if","locations":[{"start":{"line":55,"column":4},"end":{"line":57,"column":5}},{"start":{},"end":{}}],"line":55},"5":{"loc":{"start":{"line":81,"column":18},"end":{"line":81,"column":50}},"type":"binary-expr","locations":[{"start":{"line":81,"column":18},"end":{"line":81,"column":45}},{"start":{"line":81,"column":49},"end":{"line":81,"column":50}}],"line":81},"6":{"loc":{"start":{"line":85,"column":6},"end":{"line":87,"column":7}},"type":"if","locations":[{"start":{"line":85,"column":6},"end":{"line":87,"column":7}},{"start":{},"end":{}}],"line":85},"7":{"loc":{"start":{"line":114,"column":6},"end":{"line":114,"column":57}},"type":"if","locations":[{"start":{"line":114,"column":6},"end":{"line":114,"column":57}},{"start":{},"end":{}}],"line":114},"8":{"loc":{"start":{"line":115,"column":6},"end":{"line":115,"column":78}},"type":"if","locations":[{"start":{"line":115,"column":6},"end":{"line":115,"column":78}},{"start":{},"end":{}}],"line":115},"9":{"loc":{"start":{"line":116,"column":6},"end":{"line":116,"column":72}},"type":"if","locations":[{"start":{"line":116,"column":6},"end":{"line":116,"column":72}},{"start":{},"end":{}}],"line":116},"10":{"loc":{"start":{"line":117,"column":6},"end":{"line":117,"column":69}},"type":"if","locations":[{"start":{"line":117,"column":6},"end":{"line":117,"column":69}},{"start":{},"end":{}}],"line":117},"11":{"loc":{"start":{"line":118,"column":6},"end":{"line":118,"column":79}},"type":"if","locations":[{"start":{"line":118,"column":6},"end":{"line":118,"column":79}},{"start":{},"end":{}}],"line":118},"12":{"loc":{"start":{"line":121,"column":6},"end":{"line":123,"column":7}},"type":"if","locations":[{"start":{"line":121,"column":6},"end":{"line":123,"column":7}},{"start":{},"end":{}}],"line":121},"13":{"loc":{"start":{"line":131,"column":6},"end":{"line":133,"column":7}},"type":"if","locations":[{"start":{"line":131,"column":6},"end":{"line":133,"column":7}},{"start":{},"end":{}}],"line":131},"14":{"loc":{"start":{"line":153,"column":4},"end":{"line":155,"column":5}},"type":"if","locations":[{"start":{"line":153,"column":4},"end":{"line":155,"column":5}},{"start":{},"end":{}}],"line":153},"15":{"loc":{"start":{"line":153,"column":8},"end":{"line":153,"column":34}},"type":"binary-expr","locations":[{"start":{"line":153,"column":8},"end":{"line":153,"column":17}},{"start":{"line":153,"column":21},"end":{"line":153,"column":34}}],"line":153},"16":{"loc":{"start":{"line":158,"column":4},"end":{"line":160,"column":5}},"type":"if","locations":[{"start":{"line":158,"column":4},"end":{"line":160,"column":5}},{"start":{},"end":{}}],"line":158},"17":{"loc":{"start":{"line":181,"column":12},"end":{"line":181,"column":24}},"type":"default-arg","locations":[{"start":{"line":181,"column":23},"end":{"line":181,"column":24}}],"line":181},"18":{"loc":{"start":{"line":181,"column":26},"end":{"line":181,"column":36}},"type":"default-arg","locations":[{"start":{"line":181,"column":34},"end":{"line":181,"column":36}}],"line":181},"19":{"loc":{"start":{"line":183,"column":4},"end":{"line":185,"column":5}},"type":"if","locations":[{"start":{"line":183,"column":4},"end":{"line":185,"column":5}},{"start":{},"end":{}}],"line":183},"20":{"loc":{"start":{"line":188,"column":4},"end":{"line":190,"column":5}},"type":"if","locations":[{"start":{"line":188,"column":4},"end":{"line":190,"column":5}},{"start":{},"end":{}}],"line":188},"21":{"loc":{"start":{"line":192,"column":4},"end":{"line":194,"column":5}},"type":"if","locations":[{"start":{"line":192,"column":4},"end":{"line":194,"column":5}},{"start":{},"end":{}}],"line":192},"22":{"loc":{"start":{"line":248,"column":6},"end":{"line":250,"column":7}},"type":"if","locations":[{"start":{"line":248,"column":6},"end":{"line":250,"column":7}},{"start":{},"end":{}}],"line":248}},"s":{"0":4,"1":4,"2":4,"3":4,"4":4,"5":4,"6":4,"7":4,"8":4,"9":4,"10":4,"11":2,"12":4,"13":1,"14":4,"15":4,"16":4,"17":0,"18":0,"19":4,"20":0,"21":0,"22":0,"23":0,"24":0,"25":0,"26":0,"27":4,"28":1,"29":1,"30":1,"31":1,"32":1,"33":1,"34":0,"35":0,"36":4,"37":1,"38":1,"39":1,"40":1,"41":1,"42":0,"43":1,"44":0,"45":1,"46":0,"47":1,"48":0,"49":1,"50":0,"51":1,"52":1,"53":0,"54":1,"55":0,"56":0,"57":4,"58":0,"59":0,"60":0,"61":0,"62":0,"63":0,"64":0,"65":0,"66":0,"67":0,"68":0,"69":0,"70":4,"71":0,"72":0,"73":0,"74":0,"75":0,"76":0,"77":0,"78":0,"79":0,"80":0,"81":0,"82":0,"83":0,"84":0,"85":0,"86":0,"87":0,"88":0,"89":0,"90":4,"91":1,"92":1,"93":1,"94":0,"95":1,"96":0,"97":0,"98":4},"f":{"0":4,"1":0,"2":1,"3":1,"4":0,"5":0,"6":1},"b":{"0":[4],"1":[4],"2":[2,2],"3":[1,3],"4":[0,0],"5":[1,0],"6":[1,0],"7":[1,0],"8":[0,1],"9":[0,1],"10":[0,1],"11":[0,1],"12":[0,1],"13":[0,1],"14":[0,0],"15":[0,0],"16":[0,0],"17":[0],"18":[0],"19":[0,0],"20":[0,0],"21":[0,0],"22":[0,1]},"_coverageSchema":"1a1c01bbd47fc00a2c39e90264f33305004495a9","hash":"43416f8aa40b8086e02acbcc225429a27ec3b666"}
,"C:\\kata sweet shop\\backend\\src\\routes\\auth.js": {"path":"C:\\kata sweet shop\\backend\\src\\routes\\auth.js","statementMap":{"0":{"start":{"line":1,"column":16},"end":{"line":1,"column":34}},"1":{"start":{"line":2,"column":12},"end":{"line":2,"column":35}},"2":{"start":{"line":3,"column":13},"end":{"line":3,"column":38}},"3":{"start":{"line":4,"column":48},"end":{"line":4,"column":84}},"4":{"start":{"line":6,"column":15},"end":{"line":6,"column":31}},"5":{"start":{"line":9,"column":22},"end":{"line":15,"column":1}},"6":{"start":{"line":10,"column":2},"end":{"line":14,"column":4}},"7":{"start":{"line":18,"column":0},"end":{"line":55,"column":3}},"8":{"start":{"line":19,"column":2},"end":{"line":54,"column":3}},"9":{"start":{"line":20,"column":4},"end":{"line":20,"column":47}},"10":{"start":{"line":21,"column":48},"end":{"line":21,"column":56}},"11":{"start":{"line":23,"column":4},"end":{"line":25,"column":5}},"12":{"start":{"line":24,"column":6},"end":{"line":24,"column":68}},"13":{"start":{"line":27,"column":17},"end":{"line":32,"column":6}},"14":{"start":{"line":34,"column":4},"end":{"line":34,"column":22}},"15":{"start":{"line":35,"column":18},"end":{"line":35,"column":52}},"16":{"start":{"line":37,"column":4},"end":{"line":41,"column":7}},"17":{"start":{"line":43,"column":4},"end":{"line":43,"column":48}},"18":{"start":{"line":45,"column":4},"end":{"line":47,"column":5}},"19":{"start":{"line":46,"column":6},"end":{"line":46,"column":69}},"20":{"start":{"line":49,"column":4},"end":{"line":51,"column":5}},"21":{"start":{"line":50,"column":6},"end":{"line":50,"column":67}},"22":{"start":{"line":53,"column":4},"end":{"line":53,"column":59}},"23":{"start":{"line":60,"column":0},"end":{"line":96,"column":3}},"24":{"start":{"line":61,"column":2},"end":{"line":95,"column":3}},"25":{"start":{"line":62,"column":32},"end":{"line":62,"column":40}},"26":{"start":{"line":64,"column":17},"end":{"line":64,"column":46}},"27":{"start":{"line":65,"column":4},"end":{"line":67,"column":5}},"28":{"start":{"line":66,"column":6},"end":{"line":66,"column":68}},"29":{"start":{"line":70,"column":15},"end":{"line":77,"column":1}},"30":{"start":{"line":80,"column":3},"end":{"line":89,"column":3}},"31":{"start":{"line":93,"column":4},"end":{"line":93,"column":23}},"32":{"start":{"line":94,"column":4},"end":{"line":94,"column":52}},"33":{"start":{"line":102,"column":0},"end":{"line":111,"column":3}},"34":{"start":{"line":103,"column":2},"end":{"line":110,"column":5}},"35":{"start":{"line":113,"column":0},"end":{"line":113,"column":24}}},"fnMap":{"0":{"name":"(anonymous_0)","decl":{"start":{"line":9,"column":22},"end":{"line":9,"column":23}},"loc":{"start":{"line":9,"column":40},"end":{"line":15,"column":1}},"line":9},"1":{"name":"(anonymous_1)","decl":{"start":{"line":18,"column":25},"end":{"line":18,"column":26}},"loc":{"start":{"line":18,"column":45},"end":{"line":55,"column":1}},"line":18},"2":{"name":"(anonymous_2)","decl":{"start":{"line":60,"column":22},"end":{"line":60,"column":23}},"loc":{"start":{"line":60,"column":42},"end":{"line":96,"column":1}},"line":60},"3":{"name":"(anonymous_3)","decl":{"start":{"line":102,"column":68},"end":{"line":102,"column":69}},"loc":{"start":{"line":102,"column":82},"end":{"line":111,"column":1}},"line":102}},"branchMap":{"0":{"loc":{"start":{"line":13,"column":17},"end":{"line":13,"column":51}},"type":"binary-expr","locations":[{"start":{"line":13,"column":17},"end":{"line":13,"column":43}},{"start":{"line":13,"column":47},"end":{"line":13,"column":51}}],"line":13},"1":{"loc":{"start":{"line":23,"column":4},"end":{"line":25,"column":5}},"type":"if","locations":[{"start":{"line":23,"column":4},"end":{"line":25,"column":5}},{"start":{},"end":{}}],"line":23},"2":{"loc":{"start":{"line":23,"column":8},"end":{"line":23,"column":40}},"type":"binary-expr","locations":[{"start":{"line":23,"column":8},"end":{"line":23,"column":17}},{"start":{"line":23,"column":21},"end":{"line":23,"column":27}},{"start":{"line":23,"column":31},"end":{"line":23,"column":40}}],"line":23},"3":{"loc":{"start":{"line":31,"column":12},"end":{"line":31,"column":30}},"type":"binary-expr","locations":[{"start":{"line":31,"column":12},"end":{"line":31,"column":16}},{"start":{"line":31,"column":20},"end":{"line":31,"column":30}}],"line":31},"4":{"loc":{"start":{"line":45,"column":4},"end":{"line":47,"column":5}},"type":"if","locations":[{"start":{"line":45,"column":4},"end":{"line":47,"column":5}},{"start":{},"end":{}}],"line":45},"5":{"loc":{"start":{"line":49,"column":4},"end":{"line":51,"column":5}},"type":"if","locations":[{"start":{"line":49,"column":4},"end":{"line":51,"column":5}},{"start":{},"end":{}}],"line":49},"6":{"loc":{"start":{"line":65,"column":4},"end":{"line":67,"column":5}},"type":"if","locations":[{"start":{"line":65,"column":4},"end":{"line":67,"column":5}},{"start":{},"end":{}}],"line":65},"7":{"loc":{"start":{"line":65,"column":8},"end":{"line":65,"column":56}},"type":"binary-expr","locations":[{"start":{"line":65,"column":8},"end":{"line":65,"column":13}},{"start":{"line":65,"column":17},"end":{"line":65,"column":56}}],"line":65}},"s":{"0":4,"1":4,"2":4,"3":4,"4":4,"5":4,"6":2,"7":4,"8":7,"9":7,"10":7,"11":7,"12":3,"13":4,"14":4,"15":2,"16":2,"17":2,"18":2,"19":1,"20":1,"21":1,"22":0,"23":4,"24":41,"25":41,"26":41,"27":41,"28":2,"29":39,"30":39,"31":0,"32":0,"33":4,"34":0,"35":4},"f":{"0":2,"1":7,"2":41,"3":0},"b":{"0":[2,0],"1":[3,4],"2":[7,6,5],"3":[4,3],"4":[1,1],"5":[1,0],"6":[2,39],"7":[41,40]},"_coverageSchema":"1a1c01bbd47fc00a2c39e90264f33305004495a9","hash":"b5c1a3bc5754b0d534d2699e6d1da8a708277bef"}
,"C:\\kata sweet shop\\backend\\src\\routes\\cart.js": {"path":"C:\\kata sweet shop\\backend\\src\\routes\\cart.js","statementMap":{"0":{"start":{"line":1,"column":16},"end":{"line":1,"column":34}},"1":{"start":{"line":2,"column":30},"end":{"line":2,"column":60}},"2":{"start":{"line":3,"column":14},"end":{"line":3,"column":40}},"3":{"start":{"line":4,"column":13},"end":{"line":4,"column":38}},"4":{"start":{"line":6,"column":15},"end":{"line":6,"column":31}},"5":{"start":{"line":9,"column":0},"end":{"line":31,"column":3}},"6":{"start":{"line":10,"column":2},"end":{"line":30,"column":3}},"7":{"start":{"line":11,"column":17},"end":{"line":11,"column":76}},"8":{"start":{"line":13,"column":4},"end":{"line":15,"column":5}},"9":{"start":{"line":14,"column":6},"end":{"line":14,"column":63}},"10":{"start":{"line":17,"column":22},"end":{"line":17,"column":37}},"11":{"start":{"line":18,"column":24},"end":{"line":20,"column":9}},"12":{"start":{"line":19,"column":6},"end":{"line":19,"column":50}},"13":{"start":{"line":22,"column":4},"end":{"line":26,"column":7}},"14":{"start":{"line":25,"column":51},"end":{"line":25,"column":72}},"15":{"start":{"line":28,"column":4},"end":{"line":28,"column":44}},"16":{"start":{"line":29,"column":4},"end":{"line":29,"column":58}},"17":{"start":{"line":34,"column":0},"end":{"line":90,"column":3}},"18":{"start":{"line":35,"column":2},"end":{"line":89,"column":3}},"19":{"start":{"line":36,"column":38},"end":{"line":36,"column":46}},"20":{"start":{"line":38,"column":18},"end":{"line":38,"column":47}},"21":{"start":{"line":39,"column":4},"end":{"line":41,"column":5}},"22":{"start":{"line":40,"column":6},"end":{"line":40,"column":64}},"23":{"start":{"line":43,"column":4},"end":{"line":45,"column":5}},"24":{"start":{"line":44,"column":6},"end":{"line":44,"column":75}},"25":{"start":{"line":47,"column":17},"end":{"line":47,"column":53}},"26":{"start":{"line":48,"column":4},"end":{"line":50,"column":5}},"27":{"start":{"line":49,"column":6},"end":{"line":49,"column":21}},"28":{"start":{"line":53,"column":30},"end":{"line":55,"column":5}},"29":{"start":{"line":54,"column":14},"end":{"line":54,"column":47}},"30":{"start":{"line":57,"column":4},"end":{"line":71,"column":5}},"31":{"start":{"line":59,"column":26},"end":{"line":59,"column":74}},"32":{"start":{"line":60,"column":6},"end":{"line":62,"column":7}},"33":{"start":{"line":61,"column":8},"end":{"line":61,"column":77}},"34":{"start":{"line":63,"column":6},"end":{"line":63,"column":58}},"35":{"start":{"line":66,"column":6},"end":{"line":70,"column":9}},"36":{"start":{"line":73,"column":4},"end":{"line":73,"column":22}},"37":{"start":{"line":74,"column":4},"end":{"line":74,"column":38}},"38":{"start":{"line":76,"column":24},"end":{"line":78,"column":9}},"39":{"start":{"line":77,"column":6},"end":{"line":77,"column":50}},"40":{"start":{"line":80,"column":4},"end":{"line":85,"column":7}},"41":{"start":{"line":84,"column":51},"end":{"line":84,"column":72}},"42":{"start":{"line":87,"column":4},"end":{"line":87,"column":47}},"43":{"start":{"line":88,"column":4},"end":{"line":88,"column":61}},"44":{"start":{"line":93,"column":0},"end":{"line":137,"column":3}},"45":{"start":{"line":94,"column":2},"end":{"line":136,"column":3}},"46":{"start":{"line":95,"column":34},"end":{"line":95,"column":42}},"47":{"start":{"line":97,"column":4},"end":{"line":99,"column":5}},"48":{"start":{"line":98,"column":6},"end":{"line":98,"column":80}},"49":{"start":{"line":101,"column":18},"end":{"line":101,"column":47}},"50":{"start":{"line":102,"column":4},"end":{"line":104,"column":5}},"51":{"start":{"line":103,"column":6},"end":{"line":103,"column":64}},"52":{"start":{"line":106,"column":4},"end":{"line":108,"column":5}},"53":{"start":{"line":107,"column":6},"end":{"line":107,"column":75}},"54":{"start":{"line":110,"column":17},"end":{"line":110,"column":53}},"55":{"start":{"line":111,"column":22},"end":{"line":113,"column":5}},"56":{"start":{"line":112,"column":14},"end":{"line":112,"column":47}},"57":{"start":{"line":115,"column":4},"end":{"line":117,"column":5}},"58":{"start":{"line":116,"column":6},"end":{"line":116,"column":71}},"59":{"start":{"line":119,"column":4},"end":{"line":119,"column":45}},"60":{"start":{"line":120,"column":4},"end":{"line":120,"column":22}},"61":{"start":{"line":121,"column":4},"end":{"line":121,"column":38}},"62":{"start":{"line":123,"column":24},"end":{"line":125,"column":9}},"63":{"start":{"line":124,"column":6},"end":{"line":124,"column":50}},"64":{"start":{"line":127,"column":4},"end":{"line":132,"column":7}},"65":{"start":{"line":131,"column":51},"end":{"line":131,"column":72}},"66":{"start":{"line":134,"column":4},"end":{"line":134,"column":47}},"67":{"start":{"line":135,"column":4},"end":{"line":135,"column":61}},"68":{"start":{"line":140,"column":0},"end":{"line":166,"column":3}},"69":{"start":{"line":141,"column":2},"end":{"line":165,"column":3}},"70":{"start":{"line":142,"column":24},"end":{"line":142,"column":34}},"71":{"start":{"line":144,"column":17},"end":{"line":144,"column":53}},"72":{"start":{"line":145,"column":4},"end":{"line":147,"column":6}},"73":{"start":{"line":146,"column":14},"end":{"line":146,"column":47}},"74":{"start":{"line":149,"column":4},"end":{"line":149,"column":22}},"75":{"start":{"line":150,"column":4},"end":{"line":150,"column":38}},"76":{"start":{"line":152,"column":24},"end":{"line":154,"column":9}},"77":{"start":{"line":153,"column":6},"end":{"line":153,"column":50}},"78":{"start":{"line":156,"column":4},"end":{"line":161,"column":7}},"79":{"start":{"line":160,"column":51},"end":{"line":160,"column":72}},"80":{"start":{"line":163,"column":4},"end":{"line":163,"column":52}},"81":{"start":{"line":164,"column":4},"end":{"line":164,"column":66}},"82":{"start":{"line":169,"column":0},"end":{"line":185,"column":3}},"83":{"start":{"line":170,"column":2},"end":{"line":184,"column":3}},"84":{"start":{"line":171,"column":17},"end":{"line":171,"column":53}},"85":{"start":{"line":172,"column":4},"end":{"line":172,"column":19}},"86":{"start":{"line":173,"column":4},"end":{"line":173,"column":22}},"87":{"start":{"line":175,"column":4},"end":{"line":180,"column":7}},"88":{"start":{"line":182,"column":4},"end":{"line":182,"column":46}},"89":{"start":{"line":183,"column":4},"end":{"line":183,"column":60}},"90":{"start":{"line":187,"column":0},"end":{"line":187,"column":24}}},"fnMap":{"0":{"name":"(anonymous_0)","decl":{"start":{"line":9,"column":35},"end":{"line":9,"column":36}},"loc":{"start":{"line":9,"column":55},"end":{"line":31,"column":1}},"line":9},"1":{"name":"(anonymous_1)","decl":{"start":{"line":18,"column":41},"end":{"line":18,"column":42}},"loc":{"start":{"line":18,"column":58},"end":{"line":20,"column":5}},"line":18},"2":{"name":"(anonymous_2)","decl":{"start":{"line":25,"column":34},"end":{"line":25,"column":35}},"loc":{"start":{"line":25,"column":51},"end":{"line":25,"column":72}},"line":25},"3":{"name":"(anonymous_3)","decl":{"start":{"line":34,"column":39},"end":{"line":34,"column":40}},"loc":{"start":{"line":34,"column":59},"end":{"line":90,"column":1}},"line":34},"4":{"name":"(anonymous_4)","decl":{"start":{"line":54,"column":6},"end":{"line":54,"column":7}},"loc":{"start":{"line":54,"column":14},"end":{"line":54,"column":47}},"line":54},"5":{"name":"(anonymous_5)","decl":{"start":{"line":76,"column":41},"end":{"line":76,"column":42}},"loc":{"start":{"line":76,"column":58},"end":{"line":78,"column":5}},"line":76},"6":{"name":"(anonymous_6)","decl":{"start":{"line":84,"column":34},"end":{"line":84,"column":35}},"loc":{"start":{"line":84,"column":51},"end":{"line":84,"column":72}},"line":84},"7":{"name":"(anonymous_7)","decl":{"start":{"line":93,"column":41},"end":{"line":93,"column":42}},"loc":{"start":{"line":93,"column":61},"end":{"line":137,"column":1}},"line":93},"8":{"name":"(anonymous_8)","decl":{"start":{"line":112,"column":6},"end":{"line":112,"column":7}},"loc":{"start":{"line":112,"column":14},"end":{"line":112,"column":47}},"line":112},"9":{"name":"(anonymous_9)","decl":{"start":{"line":123,"column":41},"end":{"line":123,"column":42}},"loc":{"start":{"line":123,"column":58},"end":{"line":125,"column":5}},"line":123},"10":{"name":"(anonymous_10)","decl":{"start":{"line":131,"column":34},"end":{"line":131,"column":35}},"loc":{"start":{"line":131,"column":51},"end":{"line":131,"column":72}},"line":131},"11":{"name":"(anonymous_11)","decl":{"start":{"line":140,"column":53},"end":{"line":140,"column":54}},"loc":{"start":{"line":140,"column":73},"end":{"line":166,"column":1}},"line":140},"12":{"name":"(anonymous_12)","decl":{"start":{"line":146,"column":6},"end":{"line":146,"column":7}},"loc":{"start":{"line":146,"column":14},"end":{"line":146,"column":47}},"line":146},"13":{"name":"(anonymous_13)","decl":{"start":{"line":152,"column":41},"end":{"line":152,"column":42}},"loc":{"start":{"line":152,"column":58},"end":{"line":154,"column":5}},"line":152},"14":{"name":"(anonymous_14)","decl":{"start":{"line":160,"column":34},"end":{"line":160,"column":35}},"loc":{"start":{"line":160,"column":51},"end":{"line":160,"column":72}},"line":160},"15":{"name":"(anonymous_15)","decl":{"start":{"line":169,"column":43},"end":{"line":169,"column":44}},"loc":{"start":{"line":169,"column":63},"end":{"line":185,"column":1}},"line":169}},"branchMap":{"0":{"loc":{"start":{"line":13,"column":4},"end":{"line":15,"column":5}},"type":"if","locations":[{"start":{"line":13,"column":4},"end":{"line":15,"column":5}},{"start":{},"end":{}}],"line":13},"1":{"loc":{"start":{"line":17,"column":22},"end":{"line":17,"column":37}},"type":"binary-expr","locations":[{"start":{"line":17,"column":22},"end":{"line":17,"column":31}},{"start":{"line":17,"column":35},"end":{"line":17,"column":37}}],"line":17},"2":{"loc":{"start":{"line":36,"column":21},"end":{"line":36,"column":33}},"type":"default-arg","locations":[{"start":{"line":36,"column":32},"end":{"line":36,"column":33}}],"line":36},"3":{"loc":{"start":{"line":39,"column":4},"end":{"line":41,"column":5}},"type":"if","locations":[{"start":{"line":39,"column":4},"end":{"line":41,"column":5}},{"start":{},"end":{}}],"line":39},"4":{"loc":{"start":{"line":43,"column":4},"end":{"line":45,"column":5}},"type":"if","locations":[{"start":{"line":43,"column":4},"end":{"line":45,"column":5}},{"start":{},"end":{}}],"line":43},"5":{"loc":{"start":{"line":48,"column":4},"end":{"line":50,"column":5}},"type":"if","locations":[{"start":{"line":48,"column":4},"end":{"line":50,"column":5}},{"start":{},"end":{}}],"line":48},"6":{"loc":{"start":{"line":57,"column":4},"end":{"line":71,"column":5}},"type":"if","locations":[{"start":{"line":57,"column":4},"end":{"line":71,"column":5}},{"start":{"line":64,"column":11},"end":{"line":71,"column":5}}],"line":57},"7":{"loc":{"start":{"line":60,"column":6},"end":{"line":62,"column":7}},"type":"if","locations":[{"start":{"line":60,"column":6},"end":{"line":62,"column":7}},{"start":{},"end":{}}],"line":60},"8":{"loc":{"start":{"line":97,"column":4},"end":{"line":99,"column":5}},"type":"if","locations":[{"start":{"line":97,"column":4},"end":{"line":99,"column":5}},{"start":{},"end":{}}],"line":97},"9":{"loc":{"start":{"line":102,"column":4},"end":{"line":104,"column":5}},"type":"if","locations":[{"start":{"line":102,"column":4},"end":{"line":104,"column":5}},{"start":{},"end":{}}],"line":102},"10":{"loc":{"start":{"line":106,"column":4},"end":{"line":108,"column":5}},"type":"if","locations":[{"start":{"line":106,"column":4},"end":{"line":108,"column":5}},{"start":{},"end":{}}],"line":106},"11":{"loc":{"start":{"line":115,"column":4},"end":{"line":117,"column":5}},"type":"if","locations":[{"start":{"line":115,"column":4},"end":{"line":117,"column":5}},{"start":{},"end":{}}],"line":115}},"s":{"0":0,"1":0,"2":0,"3":0,"4":0,"5":0,"6":0,"7":0,"8":0,"9":0,"10":0,"11":0,"12":0,"13":0,"14":0,"15":0,"16":0,"17":0,"18":0,"19":0,"20":0,"21":0,"22":0,"23":0,"24":0,"25":0,"26":0,"27":0,"28":0,"29":0,"30":0,"31":0,"32":0,"33":0,"34":0,"35":0,"36":0,"37":0,"38":0,"39":0,"40":0,"41":0,"42":0,"43":0,"44":0,"45":0,"46":0,"47":0,"48":0,"49":0,"50":0,"51":0,"52":0,"53":0,"54":0,"55":0,"56":0,"57":0,"58":0,"59":0,"60":0,"61":0,"62":0,"63":0,"64":0,"65":0,"66":0,"67":0,"68":0,"69":0,"70":0,"71":0,"72":0,"73":0,"74":0,"75":0,"76":0,"77":0,"78":0,"79":0,"80":0,"81":0,"82":0,"83":0,"84":0,"85":0,"86":0,"87":0,"88":0,"89":0,"90":0},"f":{"0":0,"1":0,"2":0,"3":0,"4":0,"5":0,"6":0,"7":0,"8":0,"9":0,"10":0,"11":0,"12":0,"13":0,"14":0,"15":0},"b":{"0":[0,0],"1":[0,0],"2":[0],"3":[0,0],"4":[0,0],"5":[0,0],"6":[0,0],"7":[0,0],"8":[0,0],"9":[0,0],"10":[0,0],"11":[0,0]}}
,"C:\\kata sweet shop\\backend\\src\\routes\\orders.js": {"path":"C:\\kata sweet shop\\backend\\src\\routes\\orders.js","statementMap":{"0":{"start":{"line":1,"column":16},"end":{"line":1,"column":34}},"1":{"start":{"line":2,"column":14},"end":{"line":2,"column":40}},"2":{"start":{"line":3,"column":14},"end":{"line":3,"column":40}},"3":{"start":{"line":4,"column":43},"end":{"line":4,"column":73}},"4":{"start":{"line":6,"column":15},"end":{"line":6,"column":31}},"5":{"start":{"line":9,"column":0},"end":{"line":77,"column":3}},"6":{"start":{"line":10,"column":2},"end":{"line":76,"column":3}},"7":{"start":{"line":11,"column":22},"end":{"line":11,"column":30}},"8":{"start":{"line":13,"column":4},"end":{"line":15,"column":5}},"9":{"start":{"line":14,"column":6},"end":{"line":14,"column":73}},"10":{"start":{"line":18,"column":22},"end":{"line":18,"column":23}},"11":{"start":{"line":19,"column":21},"end":{"line":19,"column":22}},"12":{"start":{"line":20,"column":23},"end":{"line":20,"column":25}},"13":{"start":{"line":22,"column":4},"end":{"line":52,"column":5}},"14":{"start":{"line":23,"column":20},"end":{"line":23,"column":52}},"15":{"start":{"line":24,"column":6},"end":{"line":26,"column":7}},"16":{"start":{"line":25,"column":8},"end":{"line":25,"column":81}},"17":{"start":{"line":28,"column":6},"end":{"line":30,"column":7}},"18":{"start":{"line":29,"column":8},"end":{"line":29,"column":67}},"19":{"start":{"line":32,"column":6},"end":{"line":36,"column":7}},"20":{"start":{"line":33,"column":8},"end":{"line":35,"column":11}},"21":{"start":{"line":38,"column":24},"end":{"line":38,"column":51}},"22":{"start":{"line":39,"column":6},"end":{"line":39,"column":31}},"23":{"start":{"line":40,"column":6},"end":{"line":40,"column":34}},"24":{"start":{"line":42,"column":6},"end":{"line":47,"column":9}},"25":{"start":{"line":50,"column":6},"end":{"line":50,"column":35}},"26":{"start":{"line":51,"column":6},"end":{"line":51,"column":25}},"27":{"start":{"line":55,"column":24},"end":{"line":55,"column":57}},"28":{"start":{"line":58,"column":18},"end":{"line":65,"column":6}},"29":{"start":{"line":67,"column":4},"end":{"line":67,"column":23}},"30":{"start":{"line":69,"column":4},"end":{"line":72,"column":7}},"31":{"start":{"line":74,"column":4},"end":{"line":74,"column":48}},"32":{"start":{"line":75,"column":4},"end":{"line":75,"column":62}},"33":{"start":{"line":80,"column":0},"end":{"line":94,"column":3}},"34":{"start":{"line":81,"column":2},"end":{"line":93,"column":3}},"35":{"start":{"line":82,"column":19},"end":{"line":84,"column":47}},"36":{"start":{"line":86,"column":4},"end":{"line":89,"column":7}},"37":{"start":{"line":91,"column":4},"end":{"line":91,"column":46}},"38":{"start":{"line":92,"column":4},"end":{"line":92,"column":62}},"39":{"start":{"line":97,"column":0},"end":{"line":118,"column":3}},"40":{"start":{"line":98,"column":2},"end":{"line":117,"column":3}},"41":{"start":{"line":99,"column":18},"end":{"line":102,"column":47}},"42":{"start":{"line":104,"column":4},"end":{"line":106,"column":5}},"43":{"start":{"line":105,"column":6},"end":{"line":105,"column":64}},"44":{"start":{"line":108,"column":4},"end":{"line":108,"column":24}},"45":{"start":{"line":110,"column":4},"end":{"line":110,"column":45}},"46":{"start":{"line":112,"column":4},"end":{"line":114,"column":5}},"47":{"start":{"line":113,"column":6},"end":{"line":113,"column":64}},"48":{"start":{"line":116,"column":4},"end":{"line":116,"column":61}},"49":{"start":{"line":122,"column":0},"end":{"line":168,"column":3}},"50":{"start":{"line":123,"column":2},"end":{"line":167,"column":3}},"51":{"start":{"line":124,"column":18},"end":{"line":127,"column":6}},"52":{"start":{"line":129,"column":4},"end":{"line":131,"column":5}},"53":{"start":{"line":130,"column":6},"end":{"line":130,"column":64}},"54":{"start":{"line":133,"column":4},"end":{"line":135,"column":5}},"55":{"start":{"line":134,"column":6},"end":{"line":134,"column":75}},"56":{"start":{"line":137,"column":4},"end":{"line":139,"column":5}},"57":{"start":{"line":138,"column":6},"end":{"line":138,"column":77}},"58":{"start":{"line":142,"column":4},"end":{"line":142,"column":31}},"59":{"start":{"line":143,"column":4},"end":{"line":143,"column":26}},"60":{"start":{"line":144,"column":4},"end":{"line":144,"column":23}},"61":{"start":{"line":147,"column":4},"end":{"line":153,"column":5}},"62":{"start":{"line":148,"column":20},"end":{"line":148,"column":52}},"63":{"start":{"line":149,"column":6},"end":{"line":152,"column":7}},"64":{"start":{"line":150,"column":8},"end":{"line":150,"column":37}},"65":{"start":{"line":151,"column":8},"end":{"line":151,"column":27}},"66":{"start":{"line":155,"column":4},"end":{"line":158,"column":7}},"67":{"start":{"line":160,"column":4},"end":{"line":160,"column":48}},"68":{"start":{"line":162,"column":4},"end":{"line":164,"column":5}},"69":{"start":{"line":163,"column":6},"end":{"line":163,"column":64}},"70":{"start":{"line":166,"column":4},"end":{"line":166,"column":62}},"71":{"start":{"line":172,"column":0},"end":{"line":202,"column":3}},"72":{"start":{"line":173,"column":2},"end":{"line":201,"column":3}},"73":{"start":{"line":174,"column":23},"end":{"line":174,"column":31}},"74":{"start":{"line":176,"column":4},"end":{"line":178,"column":5}},"75":{"start":{"line":177,"column":6},"end":{"line":177,"column":63}},"76":{"start":{"line":180,"column":18},"end":{"line":180,"column":53}},"77":{"start":{"line":182,"column":4},"end":{"line":184,"column":5}},"78":{"start":{"line":183,"column":6},"end":{"line":183,"column":64}},"79":{"start":{"line":186,"column":4},"end":{"line":186,"column":26}},"80":{"start":{"line":187,"column":4},"end":{"line":187,"column":23}},"81":{"start":{"line":189,"column":4},"end":{"line":192,"column":7}},"82":{"start":{"line":194,"column":4},"end":{"line":194,"column":55}},"83":{"start":{"line":196,"column":4},"end":{"line":198,"column":5}},"84":{"start":{"line":197,"column":6},"end":{"line":197,"column":64}},"85":{"start":{"line":200,"column":4},"end":{"line":200,"column":69}},"86":{"start":{"line":204,"column":0},"end":{"line":204,"column":24}}},"fnMap":{"0":{"name":"(anonymous_0)","decl":{"start":{"line":9,"column":49},"end":{"line":9,"column":50}},"loc":{"start":{"line":9,"column":69},"end":{"line":77,"column":1}},"line":9},"1":{"name":"(anonymous_1)","decl":{"start":{"line":80,"column":48},"end":{"line":80,"column":49}},"loc":{"start":{"line":80,"column":68},"end":{"line":94,"column":1}},"line":80},"2":{"name":"(anonymous_2)","decl":{"start":{"line":97,"column":51},"end":{"line":97,"column":52}},"loc":{"start":{"line":97,"column":71},"end":{"line":118,"column":1}},"line":97},"3":{"name":"(anonymous_3)","decl":{"start":{"line":122,"column":58},"end":{"line":122,"column":59}},"loc":{"start":{"line":122,"column":78},"end":{"line":168,"column":1}},"line":122},"4":{"name":"(anonymous_4)","decl":{"start":{"line":172,"column":90},"end":{"line":172,"column":91}},"loc":{"start":{"line":172,"column":110},"end":{"line":202,"column":1}},"line":172}},"branchMap":{"0":{"loc":{"start":{"line":13,"column":4},"end":{"line":15,"column":5}},"type":"if","locations":[{"start":{"line":13,"column":4},"end":{"line":15,"column":5}},{"start":{},"end":{}}],"line":13},"1":{"loc":{"start":{"line":13,"column":8},"end":{"line":13,"column":61}},"type":"binary-expr","locations":[{"start":{"line":13,"column":8},"end":{"line":13,"column":14}},{"start":{"line":13,"column":18},"end":{"line":13,"column":39}},{"start":{"line":13,"column":43},"end":{"line":13,"column":61}}],"line":13},"2":{"loc":{"start":{"line":24,"column":6},"end":{"line":26,"column":7}},"type":"if","locations":[{"start":{"line":24,"column":6},"end":{"line":26,"column":7}},{"start":{},"end":{}}],"line":24},"3":{"loc":{"start":{"line":28,"column":6},"end":{"line":30,"column":7}},"type":"if","locations":[{"start":{"line":28,"column":6},"end":{"line":30,"column":7}},{"start":{},"end":{}}],"line":28},"4":{"loc":{"start":{"line":28,"column":10},"end":{"line":28,"column":45}},"type":"binary-expr","locations":[{"start":{"line":28,"column":10},"end":{"line":28,"column":24}},{"start":{"line":28,"column":28},"end":{"line":28,"column":45}}],"line":28},"5":{"loc":{"start":{"line":32,"column":6},"end":{"line":36,"column":7}},"type":"if","locations":[{"start":{"line":32,"column":6},"end":{"line":36,"column":7}},{"start":{},"end":{}}],"line":32},"6":{"loc":{"start":{"line":104,"column":4},"end":{"line":106,"column":5}},"type":"if","locations":[{"start":{"line":104,"column":4},"end":{"line":106,"column":5}},{"start":{},"end":{}}],"line":104},"7":{"loc":{"start":{"line":112,"column":4},"end":{"line":114,"column":5}},"type":"if","locations":[{"start":{"line":112,"column":4},"end":{"line":114,"column":5}},{"start":{},"end":{}}],"line":112},"8":{"loc":{"start":{"line":129,"column":4},"end":{"line":131,"column":5}},"type":"if","locations":[{"start":{"line":129,"column":4},"end":{"line":131,"column":5}},{"start":{},"end":{}}],"line":129},"9":{"loc":{"start":{"line":133,"column":4},"end":{"line":135,"column":5}},"type":"if","locations":[{"start":{"line":133,"column":4},"end":{"line":135,"column":5}},{"start":{},"end":{}}],"line":133},"10":{"loc":{"start":{"line":137,"column":4},"end":{"line":139,"column":5}},"type":"if","locations":[{"start":{"line":137,"column":4},"end":{"line":139,"column":5}},{"start":{},"end":{}}],"line":137},"11":{"loc":{"start":{"line":149,"column":6},"end":{"line":152,"column":7}},"type":"if","locations":[{"start":{"line":149,"column":6},"end":{"line":152,"column":7}},{"start":{},"end":{}}],"line":149},"12":{"loc":{"start":{"line":162,"column":4},"end":{"line":164,"column":5}},"type":"if","locations":[{"start":{"line":162,"column":4},"end":{"line":164,"column":5}},{"start":{},"end":{}}],"line":162},"13":{"loc":{"start":{"line":176,"column":4},"end":{"line":178,"column":5}},"type":"if","locations":[{"start":{"line":176,"column":4},"end":{"line":178,"column":5}},{"start":{},"end":{}}],"line":176},"14":{"loc":{"start":{"line":182,"column":4},"end":{"line":184,"column":5}},"type":"if","locations":[{"start":{"line":182,"column":4},"end":{"line":184,"column":5}},{"start":{},"end":{}}],"line":182},"15":{"loc":{"start":{"line":196,"column":4},"end":{"line":198,"column":5}},"type":"if","locations":[{"start":{"line":196,"column":4},"end":{"line":198,"column":5}},{"start":{},"end":{}}],"line":196}},"s":{"0":4,"1":4,"2":4,"3":4,"4":4,"5":4,"6":1,"7":1,"8":1,"9":0,"10":1,"11":1,"12":1,"13":1,"14":1,"15":1,"16":0,"17":1,"18":0,"19":1,"20":0,"21":1,"22":1,"23":1,"24":1,"25":1,"26":1,"27":1,"28":1,"29":1,"30":1,"31":0,"32":0,"33":4,"34":1,"35":1,"36":1,"37":0,"38":0,"39":4,"40":0,"41":0,"42":0,"43":0,"44":0,"45":0,"46":0,"47":0,"48":0,"49":4,"50":2,"51":2,"52":2,"53":1,"54":1,"55":0,"56":1,"57":0,"58":1,"59":1,"60":1,"61":1,"62":1,"63":1,"64":1,"65":1,"66":1,"67":0,"68":0,"69":0,"70":0,"71":4,"72":0,"73":0,"74":0,"75":0,"76":0,"77":0,"78":0,"79":0,"80":0,"81":0,"82":0,"83":0,"84":0,"85":0,"86":4},"f":{"0":1,"1":1,"2":0,"3":2,"4":0},"b":{"0":[0,1],"1":[1,1,1],"2":[0,1],"3":[0,1],"4":[1,1],"5":[0,1],"6":[0,0],"7":[0,0],"8":[1,1],"9":[0,1],"10":[0,1],"11":[1,0],"12":[0,0],"13":[0,0],"14":[0,0],"15":[0,0]},"_coverageSchema":"1a1c01bbd47fc00a2c39e90264f33305004495a9","hash":"0488668d0beb201cc6380b5012af98b09389f300"}
}
