TN:
SF:src\app.js
FN:31,(anonymous_0)
FN:46,(anonymous_1)
FN:52,(anonymous_2)
FN:61,(anonymous_3)
FNF:4
FNH:0
FNDA:0,(anonymous_0)
FNDA:0,(anonymous_1)
FNDA:0,(anonymous_2)
FNDA:0,(anonymous_3)
DA:1,4
DA:2,4
DA:3,4
DA:4,4
DA:6,4
DA:9,4
DA:15,4
DA:16,4
DA:19,4
DA:21,4
DA:23,4
DA:28,4
DA:31,4
DA:32,0
DA:46,4
DA:47,0
DA:52,4
DA:53,0
DA:54,0
DA:61,4
DA:62,0
DA:67,4
LF:22
LH:17
BRDA:10,0,0,4
BRDA:10,0,1,0
BRDA:56,1,0,0
BRDA:56,1,1,0
BRF:4
BRH:1
end_of_record
TN:
SF:src\middlewares\auth.js
FN:6,(anonymous_0)
FN:46,(anonymous_1)
FN:59,(anonymous_2)
FNF:3
FNH:3
FNDA:13,(anonymous_0)
FNDA:6,(anonymous_1)
FNDA:4,(anonymous_2)
DA:1,4
DA:2,4
DA:6,4
DA:7,13
DA:8,13
DA:9,13
DA:13,13
DA:14,3
DA:17,10
DA:18,10
DA:19,10
DA:20,0
DA:23,10
DA:31,10
DA:33,0
DA:34,0
DA:36,0
DA:37,0
DA:40,0
DA:41,0
DA:46,4
DA:47,6
DA:48,0
DA:51,6
DA:52,3
DA:55,3
DA:59,4
DA:60,4
DA:61,0
DA:63,4
DA:66,4
LF:31
LH:22
BRDA:9,0,0,13
BRDA:9,0,1,10
BRDA:13,1,0,3
BRDA:13,1,1,10
BRDA:19,2,0,0
BRDA:19,2,1,10
BRDA:33,3,0,0
BRDA:33,3,1,0
BRDA:36,4,0,0
BRDA:36,4,1,0
BRDA:47,5,0,0
BRDA:47,5,1,6
BRDA:51,6,0,3
BRDA:51,6,1,3
BRDA:60,7,0,0
BRDA:60,7,1,4
BRF:16
BRH:9
end_of_record
TN:
SF:src\middlewares\authorize.js
FN:1,(anonymous_0)
FN:2,(anonymous_1)
FNF:2
FNH:0
FNDA:0,(anonymous_0)
FNDA:0,(anonymous_1)
DA:1,0
DA:2,0
DA:3,0
DA:4,0
DA:6,0
LF:5
LH:0
BRDA:3,0,0,0
BRDA:3,0,1,0
BRDA:3,1,0,0
BRDA:3,1,1,0
BRF:4
BRH:0
end_of_record
TN:
SF:src\middlewares\sweetValidation.js
FN:4,(anonymous_0)
FNF:1
FNH:1
FNDA:6,(anonymous_0)
DA:1,4
DA:4,4
DA:5,6
DA:6,6
DA:7,0
DA:12,6
DA:16,4
DA:44,4
DA:57,4
DA:70,4
LF:10
LH:9
BRDA:6,0,0,0
BRDA:6,0,1,6
BRF:2
BRH:1
end_of_record
TN:
SF:src\middlewares\upload.js
FN:13,(anonymous_0)
FN:20,(anonymous_1)
FN:35,(anonymous_2)
FNF:3
FNH:2
FNDA:1,(anonymous_0)
FNDA:1,(anonymous_1)
FNDA:0,(anonymous_2)
DA:1,4
DA:2,4
DA:3,4
DA:5,4
DA:7,4
DA:8,0
DA:11,4
DA:15,1
DA:16,1
DA:20,4
DA:21,1
DA:22,1
DA:24,0
DA:28,4
DA:33,4
DA:35,4
DA:36,0
DA:37,0
DA:39,0
DA:42,4
LF:20
LH:15
BRDA:7,0,0,0
BRDA:7,0,1,4
BRDA:21,1,0,1
BRDA:21,1,1,0
BRDA:36,2,0,0
BRDA:36,2,1,0
BRF:6
BRH:2
end_of_record
TN:
SF:src\middlewares\validation.js
FN:4,(anonymous_0)
FNF:1
FNH:0
FNDA:0,(anonymous_0)
DA:1,4
DA:4,4
DA:5,0
DA:6,0
DA:7,0
DA:12,0
DA:16,4
DA:43,4
DA:57,4
LF:9
LH:5
BRDA:6,0,0,0
BRDA:6,0,1,0
BRF:2
BRH:0
end_of_record
TN:
SF:src\models\Order.js
FN:63,(anonymous_0)
FN:69,(anonymous_1)
FNF:2
FNH:1
FNDA:1,(anonymous_0)
FNDA:0,(anonymous_1)
DA:1,4
DA:4,4
DA:27,4
DA:59,4
DA:63,4
DA:64,1
DA:65,1
DA:69,4
DA:70,0
DA:85,0
DA:88,4
DA:90,4
LF:12
LH:10
BRDA:85,0,0,0
BRDA:85,0,1,0
BRF:2
BRH:0
end_of_record
TN:
SF:src\models\Sweet.js
FN:48,(anonymous_0)
FN:53,(anonymous_1)
FNF:2
FNH:2
FNDA:14,(anonymous_0)
FNDA:1,(anonymous_1)
DA:1,5
DA:3,5
DA:44,5
DA:45,5
DA:48,5
DA:49,14
DA:53,5
DA:54,1
DA:59,5
LF:9
LH:9
BRF:0
BRH:0
end_of_record
TN:
SF:src\models\User.js
FN:50,(anonymous_0)
FN:59,(anonymous_1)
FN:64,(anonymous_2)
FN:71,(anonymous_3)
FNF:4
FNH:3
FNDA:51,(anonymous_0)
FNDA:42,(anonymous_1)
FNDA:1,(anonymous_2)
FNDA:0,(anonymous_3)
DA:1,5
DA:2,5
DA:5,5
DA:50,5
DA:51,51
DA:53,51
DA:54,51
DA:55,51
DA:59,5
DA:60,42
DA:64,5
DA:65,1
DA:66,1
DA:67,1
DA:71,5
DA:72,0
DA:75,5
LF:17
LH:16
BRDA:51,0,0,0
BRDA:51,0,1,51
BRDA:53,1,0,51
BRDA:53,1,1,0
BRF:4
BRH:2
end_of_record
TN:
SF:src\routes\Sweet.js
FN:16,(anonymous_0)
FN:52,(anonymous_1)
FN:74,(anonymous_2)
FN:110,(anonymous_3)
FN:149,(anonymous_4)
FN:179,(anonymous_5)
FN:244,(anonymous_6)
FNF:7
FNH:4
FNDA:4,(anonymous_0)
FNDA:0,(anonymous_1)
FNDA:1,(anonymous_2)
FNDA:1,(anonymous_3)
FNDA:0,(anonymous_4)
FNDA:0,(anonymous_5)
FNDA:1,(anonymous_6)
DA:1,4
DA:2,4
DA:3,4
DA:4,4
DA:9,4
DA:11,4
DA:16,4
DA:17,4
DA:18,4
DA:19,4
DA:21,4
DA:23,4
DA:24,1
DA:30,4
DA:35,4
DA:37,4
DA:44,0
DA:45,0
DA:52,4
DA:53,0
DA:54,0
DA:55,0
DA:56,0
DA:58,0
DA:60,0
DA:61,0
DA:68,4
DA:75,1
DA:76,1
DA:85,1
DA:86,1
DA:89,1
DA:90,1
DA:95,0
DA:96,0
DA:104,4
DA:111,1
DA:112,1
DA:114,1
DA:115,1
DA:116,1
DA:117,1
DA:118,1
DA:121,1
DA:122,0
DA:125,1
DA:131,1
DA:132,0
DA:135,1
DA:140,0
DA:141,0
DA:149,4
DA:150,0
DA:151,0
DA:153,0
DA:154,0
DA:157,0
DA:158,0
DA:159,0
DA:162,0
DA:163,0
DA:165,0
DA:171,0
DA:172,0
DA:179,4
DA:180,0
DA:181,0
DA:183,0
DA:184,0
DA:187,0
DA:188,0
DA:189,0
DA:192,0
DA:193,0
DA:197,0
DA:198,0
DA:199,0
DA:201,0
DA:215,0
DA:218,0
DA:219,0
DA:221,0
DA:232,0
DA:233,0
DA:240,4
DA:245,1
DA:246,1
DA:248,1
DA:249,0
DA:252,1
DA:254,0
DA:255,0
DA:260,4
LF:93
LH:44
BRDA:18,0,0,4
BRDA:18,1,0,4
BRDA:21,2,0,2
BRDA:21,2,1,2
BRDA:23,3,0,1
BRDA:23,3,1,3
BRDA:55,4,0,0
BRDA:55,4,1,0
BRDA:81,5,0,1
BRDA:81,5,1,0
BRDA:85,6,0,1
BRDA:85,6,1,0
BRDA:114,7,0,1
BRDA:114,7,1,0
BRDA:115,8,0,0
BRDA:115,8,1,1
BRDA:116,9,0,0
BRDA:116,9,1,1
BRDA:117,10,0,0
BRDA:117,10,1,1
BRDA:118,11,0,0
BRDA:118,11,1,1
BRDA:121,12,0,0
BRDA:121,12,1,1
BRDA:131,13,0,0
BRDA:131,13,1,1
BRDA:153,14,0,0
BRDA:153,14,1,0
BRDA:153,15,0,0
BRDA:153,15,1,0
BRDA:158,16,0,0
BRDA:158,16,1,0
BRDA:181,17,0,0
BRDA:181,18,0,0
BRDA:183,19,0,0
BRDA:183,19,1,0
BRDA:188,20,0,0
BRDA:188,20,1,0
BRDA:192,21,0,0
BRDA:192,21,1,0
BRDA:248,22,0,0
BRDA:248,22,1,1
BRF:42
BRH:16
end_of_record
TN:
SF:src\routes\auth.js
FN:9,(anonymous_0)
FN:18,(anonymous_1)
FN:60,(anonymous_2)
FN:102,(anonymous_3)
FNF:4
FNH:3
FNDA:2,(anonymous_0)
FNDA:7,(anonymous_1)
FNDA:41,(anonymous_2)
FNDA:0,(anonymous_3)
DA:1,4
DA:2,4
DA:3,4
DA:4,4
DA:6,4
DA:9,4
DA:10,2
DA:18,4
DA:19,7
DA:20,7
DA:21,7
DA:23,7
DA:24,3
DA:27,4
DA:34,4
DA:35,2
DA:37,2
DA:43,2
DA:45,2
DA:46,1
DA:49,1
DA:50,1
DA:53,0
DA:60,4
DA:61,41
DA:62,41
DA:64,41
DA:65,41
DA:66,2
DA:70,39
DA:80,39
DA:93,0
DA:94,0
DA:102,4
DA:103,0
DA:113,4
LF:36
LH:32
BRDA:13,0,0,2
BRDA:13,0,1,0
BRDA:23,1,0,3
BRDA:23,1,1,4
BRDA:23,2,0,7
BRDA:23,2,1,6
BRDA:23,2,2,5
BRDA:31,3,0,4
BRDA:31,3,1,3
BRDA:45,4,0,1
BRDA:45,4,1,1
BRDA:49,5,0,1
BRDA:49,5,1,0
BRDA:65,6,0,2
BRDA:65,6,1,39
BRDA:65,7,0,41
BRDA:65,7,1,40
BRF:17
BRH:15
end_of_record
TN:
SF:src\routes\cart.js
FN:9,(anonymous_0)
FN:18,(anonymous_1)
FN:25,(anonymous_2)
FN:34,(anonymous_3)
FN:54,(anonymous_4)
FN:76,(anonymous_5)
FN:84,(anonymous_6)
FN:93,(anonymous_7)
FN:112,(anonymous_8)
FN:123,(anonymous_9)
FN:131,(anonymous_10)
FN:140,(anonymous_11)
FN:146,(anonymous_12)
FN:152,(anonymous_13)
FN:160,(anonymous_14)
FN:169,(anonymous_15)
FNF:16
FNH:0
FNDA:0,(anonymous_0)
FNDA:0,(anonymous_1)
FNDA:0,(anonymous_2)
FNDA:0,(anonymous_3)
FNDA:0,(anonymous_4)
FNDA:0,(anonymous_5)
FNDA:0,(anonymous_6)
FNDA:0,(anonymous_7)
FNDA:0,(anonymous_8)
FNDA:0,(anonymous_9)
FNDA:0,(anonymous_10)
FNDA:0,(anonymous_11)
FNDA:0,(anonymous_12)
FNDA:0,(anonymous_13)
FNDA:0,(anonymous_14)
FNDA:0,(anonymous_15)
DA:1,0
DA:2,0
DA:3,0
DA:4,0
DA:6,0
DA:9,0
DA:10,0
DA:11,0
DA:13,0
DA:14,0
DA:17,0
DA:18,0
DA:19,0
DA:22,0
DA:25,0
DA:28,0
DA:29,0
DA:34,0
DA:35,0
DA:36,0
DA:38,0
DA:39,0
DA:40,0
DA:43,0
DA:44,0
DA:47,0
DA:48,0
DA:49,0
DA:53,0
DA:54,0
DA:57,0
DA:59,0
DA:60,0
DA:61,0
DA:63,0
DA:66,0
DA:73,0
DA:74,0
DA:76,0
DA:77,0
DA:80,0
DA:84,0
DA:87,0
DA:88,0
DA:93,0
DA:94,0
DA:95,0
DA:97,0
DA:98,0
DA:101,0
DA:102,0
DA:103,0
DA:106,0
DA:107,0
DA:110,0
DA:111,0
DA:112,0
DA:115,0
DA:116,0
DA:119,0
DA:120,0
DA:121,0
DA:123,0
DA:124,0
DA:127,0
DA:131,0
DA:134,0
DA:135,0
DA:140,0
DA:141,0
DA:142,0
DA:144,0
DA:145,0
DA:146,0
DA:149,0
DA:150,0
DA:152,0
DA:153,0
DA:156,0
DA:160,0
DA:163,0
DA:164,0
DA:169,0
DA:170,0
DA:171,0
DA:172,0
DA:173,0
DA:175,0
DA:182,0
DA:183,0
DA:187,0
LF:91
LH:0
BRDA:13,0,0,0
BRDA:13,0,1,0
BRDA:17,1,0,0
BRDA:17,1,1,0
BRDA:36,2,0,0
BRDA:39,3,0,0
BRDA:39,3,1,0
BRDA:43,4,0,0
BRDA:43,4,1,0
BRDA:48,5,0,0
BRDA:48,5,1,0
BRDA:57,6,0,0
BRDA:57,6,1,0
BRDA:60,7,0,0
BRDA:60,7,1,0
BRDA:97,8,0,0
BRDA:97,8,1,0
BRDA:102,9,0,0
BRDA:102,9,1,0
BRDA:106,10,0,0
BRDA:106,10,1,0
BRDA:115,11,0,0
BRDA:115,11,1,0
BRF:23
BRH:0
end_of_record
TN:
SF:src\routes\orders.js
FN:9,(anonymous_0)
FN:80,(anonymous_1)
FN:97,(anonymous_2)
FN:122,(anonymous_3)
FN:172,(anonymous_4)
FNF:5
FNH:3
FNDA:1,(anonymous_0)
FNDA:1,(anonymous_1)
FNDA:0,(anonymous_2)
FNDA:2,(anonymous_3)
FNDA:0,(anonymous_4)
DA:1,4
DA:2,4
DA:3,4
DA:4,4
DA:6,4
DA:9,4
DA:10,1
DA:11,1
DA:13,1
DA:14,0
DA:18,1
DA:19,1
DA:20,1
DA:22,1
DA:23,1
DA:24,1
DA:25,0
DA:28,1
DA:29,0
DA:32,1
DA:33,0
DA:38,1
DA:39,1
DA:40,1
DA:42,1
DA:50,1
DA:51,1
DA:55,1
DA:58,1
DA:67,1
DA:69,1
DA:74,0
DA:75,0
DA:80,4
DA:81,1
DA:82,1
DA:86,1
DA:91,0
DA:92,0
DA:97,4
DA:98,0
DA:99,0
DA:104,0
DA:105,0
DA:108,0
DA:110,0
DA:112,0
DA:113,0
DA:116,0
DA:122,4
DA:123,2
DA:124,2
DA:129,2
DA:130,1
DA:133,1
DA:134,0
DA:137,1
DA:138,0
DA:142,1
DA:143,1
DA:144,1
DA:147,1
DA:148,1
DA:149,1
DA:150,1
DA:151,1
DA:155,1
DA:160,0
DA:162,0
DA:163,0
DA:166,0
DA:172,4
DA:173,0
DA:174,0
DA:176,0
DA:177,0
DA:180,0
DA:182,0
DA:183,0
DA:186,0
DA:187,0
DA:189,0
DA:194,0
DA:196,0
DA:197,0
DA:200,0
DA:204,4
LF:87
LH:50
BRDA:13,0,0,0
BRDA:13,0,1,1
BRDA:13,1,0,1
BRDA:13,1,1,1
BRDA:13,1,2,1
BRDA:24,2,0,0
BRDA:24,2,1,1
BRDA:28,3,0,0
BRDA:28,3,1,1
BRDA:28,4,0,1
BRDA:28,4,1,1
BRDA:32,5,0,0
BRDA:32,5,1,1
BRDA:104,6,0,0
BRDA:104,6,1,0
BRDA:112,7,0,0
BRDA:112,7,1,0
BRDA:129,8,0,1
BRDA:129,8,1,1
BRDA:133,9,0,0
BRDA:133,9,1,1
BRDA:137,10,0,0
BRDA:137,10,1,1
BRDA:149,11,0,1
BRDA:149,11,1,0
BRDA:162,12,0,0
BRDA:162,12,1,0
BRDA:176,13,0,0
BRDA:176,13,1,0
BRDA:182,14,0,0
BRDA:182,14,1,0
BRDA:196,15,0,0
BRDA:196,15,1,0
BRF:33
BRH:14
end_of_record
